# JRE version: Java(TM) SE Runtime Environment (8.0_101-b13) (build 1.8.0_101-b13)
# Java VM: Java HotSpot(TM) 64-Bit Server VM (25.101-b13 mixed mode windows-amd64 compressed oops)
Heap:
 PSYoungGen      total 28672K, used 164K [0x00000000e0700000, 0x00000000e2700000, 0x0000000100000000)
  eden space 24576K, 0% used [0x00000000e0700000,0x00000000e07290f8,0x00000000e1f00000)
  from space 4096K, 0% used [0x00000000e2300000,0x00000000e2300000,0x00000000e2700000)
  to   space 4096K, 0% used [0x00000000e1f00000,0x00000000e1f00000,0x00000000e2300000)
 ParOldGen       total 65536K, used 1737K [0x00000000a1400000, 0x00000000a5400000, 0x00000000e0700000)
  object space 65536K, 2% used [0x00000000a1400000,0x00000000a15b26b0,0x00000000a5400000)
 Metaspace       used 8980K, capacity 9066K, committed 9216K, reserved 1056768K
  class space    used 943K, capacity 977K, committed 1024K, reserved 1048576K
GC Heap History (10 events):
Event: 19.942 GC heap before
{Heap before GC invocations=3 (full 1):
 PSYoungGen      total 28672K, used 1894K [0x00000000e0700000, 0x00000000e2700000, 0x0000000100000000)
  eden space 24576K, 0% used [0x00000000e0700000,0x00000000e0700000,0x00000000e1f00000)
  from space 4096K, 46% used [0x00000000e2300000,0x00000000e24d9800,0x00000000e2700000)
  to   space 4096K, 0% used [0x00000000e1f00000,0x00000000e1f00000,0x00000000e2300000)
 ParOldGen       total 65536K, used 123K [0x00000000a1400000, 0x00000000a5400000, 0x00000000e0700000)
  object space 65536K, 0% used [0x00000000a1400000,0x00000000a141ef30,0x00000000a5400000)
 Metaspace       used 8841K, capacity 8938K, committed 9216K, reserved 1056768K
  class space    used 933K, capacity 977K, committed 1024K, reserved 1048576K
Event: 19.958 GC heap after
Heap after GC invocations=3 (full 1):
 PSYoungGen      total 28672K, used 0K [0x00000000e0700000, 0x00000000e2700000, 0x0000000100000000)
  eden space 24576K, 0% used [0x00000000e0700000,0x00000000e0700000,0x00000000e1f00000)
  from space 4096K, 0% used [0x00000000e2300000,0x00000000e2300000,0x00000000e2700000)
  to   space 4096K, 0% used [0x00000000e1f00000,0x00000000e1f00000,0x00000000e2300000)
 ParOldGen       total 65536K, used 1819K [0x00000000a1400000, 0x00000000a5400000, 0x00000000e0700000)
  object space 65536K, 2% used [0x00000000a1400000,0x00000000a15c6c18,0x00000000a5400000)
 Metaspace       used 8841K, capacity 8938K, committed 9216K, reserved 1056768K
  class space    used 933K, capacity 977K, committed 1024K, reserved 1048576K
}
Event: 20.000 GC heap before
{Heap before GC invocations=4 (full 1):
 PSYoungGen      total 28672K, used 821K [0x00000000e0700000, 0x00000000e2700000, 0x0000000100000000)
  eden space 24576K, 3% used [0x00000000e0700000,0x00000000e07cd428,0x00000000e1f00000)
  from space 4096K, 0% used [0x00000000e2300000,0x00000000e2300000,0x00000000e2700000)
  to   space 4096K, 0% used [0x00000000e1f00000,0x00000000e1f00000,0x00000000e2300000)
 ParOldGen       total 65536K, used 1819K [0x00000000a1400000, 0x00000000a5400000, 0x00000000e0700000)
  object space 65536K, 2% used [0x00000000a1400000,0x00000000a15c6c18,0x00000000a5400000)
 Metaspace       used 8979K, capacity 9066K, committed 9216K, reserved 1056768K
  class space    used 943K, capacity 977K, committed 1024K, reserved 1048576K
Event: 20.001 GC heap after
Heap after GC invocations=4 (full 1):
 PSYoungGen      total 28672K, used 278K [0x00000000e0700000, 0x00000000e2700000, 0x0000000100000000)
  eden space 24576K, 0% used [0x00000000e0700000,0x00000000e0700000,0x00000000e1f00000)
  from space 4096K, 6% used [0x00000000e1f00000,0x00000000e1f45810,0x00000000e2300000)
  to   space 4096K, 0% used [0x00000000e2300000,0x00000000e2300000,0x00000000e2700000)
 ParOldGen       total 65536K, used 1819K [0x00000000a1400000, 0x00000000a5400000, 0x00000000e0700000)
  object space 65536K, 2% used [0x00000000a1400000,0x00000000a15c6c18,0x00000000a5400000)
 Metaspace       used 8979K, capacity 9066K, committed 9216K, reserved 1056768K
  class space    used 943K, capacity 977K, committed 1024K, reserved 1048576K
}
Event: 20.001 GC heap before
{Heap before GC invocations=5 (full 2):
 PSYoungGen      total 28672K, used 278K [0x00000000e0700000, 0x00000000e2700000, 0x0000000100000000)
  eden space 24576K, 0% used [0x00000000e0700000,0x00000000e0700000,0x00000000e1f00000)
  from space 4096K, 6% used [0x00000000e1f00000,0x00000000e1f45810,0x00000000e2300000)
  to   space 4096K, 0% used [0x00000000e2300000,0x00000000e2300000,0x00000000e2700000)
 ParOldGen       total 65536K, used 1819K [0x00000000a1400000, 0x00000000a5400000, 0x00000000e0700000)
  object space 65536K, 2% used [0x00000000a1400000,0x00000000a15c6c18,0x00000000a5400000)
 Metaspace       used 8979K, capacity 9066K, committed 9216K, reserved 1056768K
  class space    used 943K, capacity 977K, committed 1024K, reserved 1048576K
Event: 20.040 GC heap after
Heap after GC invocations=5 (full 2):
 PSYoungGen      total 28672K, used 0K [0x00000000e0700000, 0x00000000e2700000, 0x0000000100000000)
  eden space 24576K, 0% used [0x00000000e0700000,0x00000000e0700000,0x00000000e1f00000)
  from space 4096K, 0% used [0x00000000e1f00000,0x00000000e1f00000,0x00000000e2300000)
  to   space 4096K, 0% used [0x00000000e2300000,0x00000000e2300000,0x00000000e2700000)
 ParOldGen       total 65536K, used 1807K [0x00000000a1400000, 0x00000000a5400000, 0x00000000e0700000)
  object space 65536K, 2% used [0x00000000a1400000,0x00000000a15c3eb8,0x00000000a5400000)
 Metaspace       used 8979K, capacity 9066K, committed 9216K, reserved 1056768K
  class space    used 943K, capacity 977K, committed 1024K, reserved 1048576K
}
Event: 20.042 GC heap before
{Heap before GC invocations=6 (full 2):
 PSYoungGen      total 28672K, used 656K [0x00000000e0700000, 0x00000000e2700000, 0x0000000100000000)
  eden space 24576K, 2% used [0x00000000e0700000,0x00000000e07a4098,0x00000000e1f00000)
  from space 4096K, 0% used [0x00000000e1f00000,0x00000000e1f00000,0x00000000e2300000)
  to   space 4096K, 0% used [0x00000000e2300000,0x00000000e2300000,0x00000000e2700000)
 ParOldGen       total 65536K, used 1807K [0x00000000a1400000, 0x00000000a5400000, 0x00000000e0700000)
  object space 65536K, 2% used [0x00000000a1400000,0x00000000a15c3eb8,0x00000000a5400000)
 Metaspace       used 8980K, capacity 9066K, committed 9216K, reserved 1056768K
  class space    used 943K, capacity 977K, committed 1024K, reserved 1048576K
Event: 20.043 GC heap after
Heap after GC invocations=6 (full 2):
 PSYoungGen      total 28672K, used 96K [0x00000000e0700000, 0x00000000e2700000, 0x0000000100000000)
  eden space 24576K, 0% used [0x00000000e0700000,0x00000000e0700000,0x00000000e1f00000)
  from space 4096K, 2% used [0x00000000e2300000,0x00000000e2318000,0x00000000e2700000)
  to   space 4096K, 0% used [0x00000000e1f00000,0x00000000e1f00000,0x00000000e2300000)
 ParOldGen       total 65536K, used 1807K [0x00000000a1400000, 0x00000000a5400000, 0x00000000e0700000)
  object space 65536K, 2% used [0x00000000a1400000,0x00000000a15c3eb8,0x00000000a5400000)
 Metaspace       used 8980K, capacity 9066K, committed 9216K, reserved 1056768K
  class space    used 943K, capacity 977K, committed 1024K, reserved 1048576K
}
Event: 20.043 GC heap before
{Heap before GC invocations=7 (full 3):
 PSYoungGen      total 28672K, used 96K [0x00000000e0700000, 0x00000000e2700000, 0x0000000100000000)
  eden space 24576K, 0% used [0x00000000e0700000,0x00000000e0700000,0x00000000e1f00000)
  from space 4096K, 2% used [0x00000000e2300000,0x00000000e2318000,0x00000000e2700000)
  to   space 4096K, 0% used [0x00000000e1f00000,0x00000000e1f00000,0x00000000e2300000)
 ParOldGen       total 65536K, used 1807K [0x00000000a1400000, 0x00000000a5400000, 0x00000000e0700000)
  object space 65536K, 2% used [0x00000000a1400000,0x00000000a15c3eb8,0x00000000a5400000)
 Metaspace       used 8980K, capacity 9066K, committed 9216K, reserved 1056768K
  class space    used 943K, capacity 977K, committed 1024K, reserved 1048576K
Event: 20.071 GC heap after
Heap after GC invocations=7 (full 3):
 PSYoungGen      total 28672K, used 0K [0x00000000e0700000, 0x00000000e2700000, 0x0000000100000000)
  eden space 24576K, 0% used [0x00000000e0700000,0x00000000e0700000,0x00000000e1f00000)
  from space 4096K, 0% used [0x00000000e2300000,0x00000000e2300000,0x00000000e2700000)
  to   space 4096K, 0% used [0x00000000e1f00000,0x00000000e1f00000,0x00000000e2300000)
 ParOldGen       total 65536K, used 1737K [0x00000000a1400000, 0x00000000a5400000, 0x00000000e0700000)
  object space 65536K, 2% used [0x00000000a1400000,0x00000000a15b26b0,0x00000000a5400000)
 Metaspace       used 8980K, capacity 9066K, committed 9216K, reserved 1056768K
  class space    used 943K, capacity 977K, committed 1024K, reserved 1048576K
}

