# JRE version: Java(TM) SE Runtime Environment (8.0_101-b13) (build 1.8.0_101-b13)
# Java VM: Java HotSpot(TM) 64-Bit Server VM (25.101-b13 mixed mode windows-amd64 compressed oops)
Heap:
 PSYoungGen      total 28672K, used 96K [0x00000000e0700000, 0x00000000e2700000, 0x0000000100000000)
  eden space 24576K, 0% used [0x00000000e0700000,0x00000000e0700000,0x00000000e1f00000)
  from space 4096K, 2% used [0x00000000e2300000,0x00000000e2318000,0x00000000e2700000)
  to   space 4096K, 0% used [0x00000000e1f00000,0x00000000e1f00000,0x00000000e2300000)
 ParOldGen       total 65536K, used 1807K [0x00000000a1400000, 0x00000000a5400000, 0x00000000e0700000)
  object space 65536K, 2% used [0x00000000a1400000,0x00000000a15c3e68,0x00000000a5400000)
 Metaspace       used 8964K, capacity 9066K, committed 9216K, reserved 1056768K
  class space    used 942K, capacity 977K, committed 1024K, reserved 1048576K
GC Heap History (10 events):
Event: 2.574 GC heap before
{Heap before GC invocations=1 (full 0):
 PSYoungGen      total 28672K, used 24576K [0x00000000e0700000, 0x00000000e2700000, 0x0000000100000000)
  eden space 24576K, 100% used [0x00000000e0700000,0x00000000e1f00000,0x00000000e1f00000)
  from space 4096K, 0% used [0x00000000e2300000,0x00000000e2300000,0x00000000e2700000)
  to   space 4096K, 0% used [0x00000000e1f00000,0x00000000e1f00000,0x00000000e2300000)
 ParOldGen       total 65536K, used 0K [0x00000000a1400000, 0x00000000a5400000, 0x00000000e0700000)
  object space 65536K, 0% used [0x00000000a1400000,0x00000000a1400000,0x00000000a5400000)
 Metaspace       used 8688K, capacity 8810K, committed 8960K, reserved 1056768K
  class space    used 928K, capacity 977K, committed 1024K, reserved 1048576K
Event: 2.578 GC heap after
Heap after GC invocations=1 (full 0):
 PSYoungGen      total 28672K, used 4075K [0x00000000e0700000, 0x00000000e2700000, 0x0000000100000000)
  eden space 24576K, 0% used [0x00000000e0700000,0x00000000e0700000,0x00000000e1f00000)
  from space 4096K, 99% used [0x00000000e1f00000,0x00000000e22fae48,0x00000000e2300000)
  to   space 4096K, 0% used [0x00000000e2300000,0x00000000e2300000,0x00000000e2700000)
 ParOldGen       total 65536K, used 129K [0x00000000a1400000, 0x00000000a5400000, 0x00000000e0700000)
  object space 65536K, 0% used [0x00000000a1400000,0x00000000a14206e8,0x00000000a5400000)
 Metaspace       used 8688K, capacity 8810K, committed 8960K, reserved 1056768K
  class space    used 928K, capacity 977K, committed 1024K, reserved 1048576K
}
Event: 8.048 GC heap before
{Heap before GC invocations=2 (full 0):
 PSYoungGen      total 28672K, used 12913K [0x00000000e0700000, 0x00000000e2700000, 0x0000000100000000)
  eden space 24576K, 35% used [0x00000000e0700000,0x00000000e0fa1888,0x00000000e1f00000)
  from space 4096K, 99% used [0x00000000e1f00000,0x00000000e22fae48,0x00000000e2300000)
  to   space 4096K, 0% used [0x00000000e2300000,0x00000000e2300000,0x00000000e2700000)
 ParOldGen       total 65536K, used 129K [0x00000000a1400000, 0x00000000a5400000, 0x00000000e0700000)
  object space 65536K, 0% used [0x00000000a1400000,0x00000000a14206e8,0x00000000a5400000)
 Metaspace       used 8824K, capacity 8938K, committed 9216K, reserved 1056768K
  class space    used 932K, capacity 977K, committed 1024K, reserved 1048576K
Event: 8.050 GC heap after
Heap after GC invocations=2 (full 0):
 PSYoungGen      total 28672K, used 1896K [0x00000000e0700000, 0x00000000e2700000, 0x0000000100000000)
  eden space 24576K, 0% used [0x00000000e0700000,0x00000000e0700000,0x00000000e1f00000)
  from space 4096K, 46% used [0x00000000e2300000,0x00000000e24da000,0x00000000e2700000)
  to   space 4096K, 0% used [0x00000000e1f00000,0x00000000e1f00000,0x00000000e2300000)
 ParOldGen       total 65536K, used 137K [0x00000000a1400000, 0x00000000a5400000, 0x00000000e0700000)
  object space 65536K, 0% used [0x00000000a1400000,0x00000000a14226e8,0x00000000a5400000)
 Metaspace       used 8824K, capacity 8938K, committed 9216K, reserved 1056768K
  class space    used 932K, capacity 977K, committed 1024K, reserved 1048576K
}
Event: 8.050 GC heap before
{Heap before GC invocations=3 (full 1):
 PSYoungGen      total 28672K, used 1896K [0x00000000e0700000, 0x00000000e2700000, 0x0000000100000000)
  eden space 24576K, 0% used [0x00000000e0700000,0x00000000e0700000,0x00000000e1f00000)
  from space 4096K, 46% used [0x00000000e2300000,0x00000000e24da000,0x00000000e2700000)
  to   space 4096K, 0% used [0x00000000e1f00000,0x00000000e1f00000,0x00000000e2300000)
 ParOldGen       total 65536K, used 137K [0x00000000a1400000, 0x00000000a5400000, 0x00000000e0700000)
  object space 65536K, 0% used [0x00000000a1400000,0x00000000a14226e8,0x00000000a5400000)
 Metaspace       used 8824K, capacity 8938K, committed 9216K, reserved 1056768K
  class space    used 932K, capacity 977K, committed 1024K, reserved 1048576K
Event: 8.064 GC heap after
Heap after GC invocations=3 (full 1):
 PSYoungGen      total 28672K, used 0K [0x00000000e0700000, 0x00000000e2700000, 0x0000000100000000)
  eden space 24576K, 0% used [0x00000000e0700000,0x00000000e0700000,0x00000000e1f00000)
  from space 4096K, 0% used [0x00000000e2300000,0x00000000e2300000,0x00000000e2700000)
  to   space 4096K, 0% used [0x00000000e1f00000,0x00000000e1f00000,0x00000000e2300000)
 ParOldGen       total 65536K, used 1818K [0x00000000a1400000, 0x00000000a5400000, 0x00000000e0700000)
  object space 65536K, 2% used [0x00000000a1400000,0x00000000a15c6b68,0x00000000a5400000)
 Metaspace       used 8824K, capacity 8938K, committed 9216K, reserved 1056768K
  class space    used 932K, capacity 977K, committed 1024K, reserved 1048576K
}
Event: 8.082 GC heap before
{Heap before GC invocations=4 (full 1):
 PSYoungGen      total 28672K, used 1312K [0x00000000e0700000, 0x00000000e2700000, 0x0000000100000000)
  eden space 24576K, 5% used [0x00000000e0700000,0x00000000e08482e8,0x00000000e1f00000)
  from space 4096K, 0% used [0x00000000e2300000,0x00000000e2300000,0x00000000e2700000)
  to   space 4096K, 0% used [0x00000000e1f00000,0x00000000e1f00000,0x00000000e2300000)
 ParOldGen       total 65536K, used 1818K [0x00000000a1400000, 0x00000000a5400000, 0x00000000e0700000)
  object space 65536K, 2% used [0x00000000a1400000,0x00000000a15c6b68,0x00000000a5400000)
 Metaspace       used 8962K, capacity 9066K, committed 9216K, reserved 1056768K
  class space    used 942K, capacity 977K, committed 1024K, reserved 1048576K
Event: 8.083 GC heap after
Heap after GC invocations=4 (full 1):
 PSYoungGen      total 28672K, used 310K [0x00000000e0700000, 0x00000000e2700000, 0x0000000100000000)
  eden space 24576K, 0% used [0x00000000e0700000,0x00000000e0700000,0x00000000e1f00000)
  from space 4096K, 7% used [0x00000000e1f00000,0x00000000e1f4d810,0x00000000e2300000)
  to   space 4096K, 0% used [0x00000000e2300000,0x00000000e2300000,0x00000000e2700000)
 ParOldGen       total 65536K, used 1818K [0x00000000a1400000, 0x00000000a5400000, 0x00000000e0700000)
  object space 65536K, 2% used [0x00000000a1400000,0x00000000a15c6b68,0x00000000a5400000)
 Metaspace       used 8962K, capacity 9066K, committed 9216K, reserved 1056768K
  class space    used 942K, capacity 977K, committed 1024K, reserved 1048576K
}
Event: 8.083 GC heap before
{Heap before GC invocations=5 (full 2):
 PSYoungGen      total 28672K, used 310K [0x00000000e0700000, 0x00000000e2700000, 0x0000000100000000)
  eden space 24576K, 0% used [0x00000000e0700000,0x00000000e0700000,0x00000000e1f00000)
  from space 4096K, 7% used [0x00000000e1f00000,0x00000000e1f4d810,0x00000000e2300000)
  to   space 4096K, 0% used [0x00000000e2300000,0x00000000e2300000,0x00000000e2700000)
 ParOldGen       total 65536K, used 1818K [0x00000000a1400000, 0x00000000a5400000, 0x00000000e0700000)
  object space 65536K, 2% used [0x00000000a1400000,0x00000000a15c6b68,0x00000000a5400000)
 Metaspace       used 8962K, capacity 9066K, committed 9216K, reserved 1056768K
  class space    used 942K, capacity 977K, committed 1024K, reserved 1048576K
Event: 8.118 GC heap after
Heap after GC invocations=5 (full 2):
 PSYoungGen      total 28672K, used 0K [0x00000000e0700000, 0x00000000e2700000, 0x0000000100000000)
  eden space 24576K, 0% used [0x00000000e0700000,0x00000000e0700000,0x00000000e1f00000)
  from space 4096K, 0% used [0x00000000e1f00000,0x00000000e1f00000,0x00000000e2300000)
  to   space 4096K, 0% used [0x00000000e2300000,0x00000000e2300000,0x00000000e2700000)
 ParOldGen       total 65536K, used 1807K [0x00000000a1400000, 0x00000000a5400000, 0x00000000e0700000)
  object space 65536K, 2% used [0x00000000a1400000,0x00000000a15c3e68,0x00000000a5400000)
 Metaspace       used 8962K, capacity 9066K, committed 9216K, reserved 1056768K
  class space    used 942K, capacity 977K, committed 1024K, reserved 1048576K
}

