# JRE version: Java(TM) SE Runtime Environment (8.0_101-b13) (build 1.8.0_101-b13)
# Java VM: Java HotSpot(TM) 64-Bit Server VM (25.101-b13 mixed mode windows-amd64 compressed oops)
Heap:
 PSYoungGen      total 28672K, used 246K [0x00000000e0700000, 0x00000000e2700000, 0x0000000100000000)
  eden space 24576K, 1% used [0x00000000e0700000,0x00000000e073d8b0,0x00000000e1f00000)
  from space 4096K, 0% used [0x00000000e2300000,0x00000000e2300000,0x00000000e2700000)
  to   space 4096K, 0% used [0x00000000e1f00000,0x00000000e1f00000,0x00000000e2300000)
 ParOldGen       total 65536K, used 2396K [0x00000000a1400000, 0x00000000a5400000, 0x00000000e0700000)
  object space 65536K, 3% used [0x00000000a1400000,0x00000000a1657238,0x00000000a5400000)
 Metaspace       used 9627K, capacity 9738K, committed 9984K, reserved 1058816K
  class space    used 982K, capacity 1009K, committed 1024K, reserved 1048576K
GC Heap History (10 events):
Event: 124.934 GC heap before
{Heap before GC invocations=2 (full 0):
 PSYoungGen      total 28672K, used 28640K [0x00000000e0700000, 0x00000000e2700000, 0x0000000100000000)
  eden space 24576K, 100% used [0x00000000e0700000,0x00000000e1f00000,0x00000000e1f00000)
  from space 4096K, 99% used [0x00000000e1f00000,0x00000000e22f8218,0x00000000e2300000)
  to   space 4096K, 0% used [0x00000000e2300000,0x00000000e2300000,0x00000000e2700000)
 ParOldGen       total 65536K, used 491K [0x00000000a1400000, 0x00000000a5400000, 0x00000000e0700000)
  object space 65536K, 0% used [0x00000000a1400000,0x00000000a147ac30,0x00000000a5400000)
 Metaspace       used 9457K, capacity 9546K, committed 9728K, reserved 1058816K
  class space    used 972K, capacity 1009K, committed 1024K, reserved 1048576K
Event: 124.937 GC heap after
Heap after GC invocations=2 (full 0):
 PSYoungGen      total 28672K, used 2365K [0x00000000e0700000, 0x00000000e2700000, 0x0000000100000000)
  eden space 24576K, 0% used [0x00000000e0700000,0x00000000e0700000,0x00000000e1f00000)
  from space 4096K, 57% used [0x00000000e2300000,0x00000000e254f798,0x00000000e2700000)
  to   space 4096K, 0% used [0x00000000e1f00000,0x00000000e1f00000,0x00000000e2300000)
 ParOldGen       total 65536K, used 499K [0x00000000a1400000, 0x00000000a5400000, 0x00000000e0700000)
  object space 65536K, 0% used [0x00000000a1400000,0x00000000a147cc30,0x00000000a5400000)
 Metaspace       used 9457K, capacity 9546K, committed 9728K, reserved 1058816K
  class space    used 972K, capacity 1009K, committed 1024K, reserved 1048576K
}
Event: 134.916 GC heap before
{Heap before GC invocations=3 (full 0):
 PSYoungGen      total 28672K, used 24054K [0x00000000e0700000, 0x00000000e2700000, 0x0000000100000000)
  eden space 24576K, 88% used [0x00000000e0700000,0x00000000e1c2e218,0x00000000e1f00000)
  from space 4096K, 57% used [0x00000000e2300000,0x00000000e254f798,0x00000000e2700000)
  to   space 4096K, 0% used [0x00000000e1f00000,0x00000000e1f00000,0x00000000e2300000)
 ParOldGen       total 65536K, used 499K [0x00000000a1400000, 0x00000000a5400000, 0x00000000e0700000)
  object space 65536K, 0% used [0x00000000a1400000,0x00000000a147cc30,0x00000000a5400000)
 Metaspace       used 9482K, capacity 9546K, committed 9728K, reserved 1058816K
  class space    used 972K, capacity 1009K, committed 1024K, reserved 1048576K
Event: 134.920 GC heap after
Heap after GC invocations=3 (full 0):
 PSYoungGen      total 28672K, used 2450K [0x00000000e0700000, 0x00000000e2700000, 0x0000000100000000)
  eden space 24576K, 0% used [0x00000000e0700000,0x00000000e0700000,0x00000000e1f00000)
  from space 4096K, 59% used [0x00000000e1f00000,0x00000000e2164830,0x00000000e2300000)
  to   space 4096K, 0% used [0x00000000e2300000,0x00000000e2300000,0x00000000e2700000)
 ParOldGen       total 65536K, used 507K [0x00000000a1400000, 0x00000000a5400000, 0x00000000e0700000)
  object space 65536K, 0% used [0x00000000a1400000,0x00000000a147ec30,0x00000000a5400000)
 Metaspace       used 9482K, capacity 9546K, committed 9728K, reserved 1058816K
  class space    used 972K, capacity 1009K, committed 1024K, reserved 1048576K
}
Event: 134.920 GC heap before
{Heap before GC invocations=4 (full 1):
 PSYoungGen      total 28672K, used 2450K [0x00000000e0700000, 0x00000000e2700000, 0x0000000100000000)
  eden space 24576K, 0% used [0x00000000e0700000,0x00000000e0700000,0x00000000e1f00000)
  from space 4096K, 59% used [0x00000000e1f00000,0x00000000e2164830,0x00000000e2300000)
  to   space 4096K, 0% used [0x00000000e2300000,0x00000000e2300000,0x00000000e2700000)
 ParOldGen       total 65536K, used 507K [0x00000000a1400000, 0x00000000a5400000, 0x00000000e0700000)
  object space 65536K, 0% used [0x00000000a1400000,0x00000000a147ec30,0x00000000a5400000)
 Metaspace       used 9482K, capacity 9546K, committed 9728K, reserved 1058816K
  class space    used 972K, capacity 1009K, committed 1024K, reserved 1048576K
Event: 134.940 GC heap after
Heap after GC invocations=4 (full 1):
 PSYoungGen      total 28672K, used 0K [0x00000000e0700000, 0x00000000e2700000, 0x0000000100000000)
  eden space 24576K, 0% used [0x00000000e0700000,0x00000000e0700000,0x00000000e1f00000)
  from space 4096K, 0% used [0x00000000e1f00000,0x00000000e1f00000,0x00000000e2300000)
  to   space 4096K, 0% used [0x00000000e2300000,0x00000000e2300000,0x00000000e2700000)
 ParOldGen       total 65536K, used 2375K [0x00000000a1400000, 0x00000000a5400000, 0x00000000e0700000)
  object space 65536K, 3% used [0x00000000a1400000,0x00000000a1651cd8,0x00000000a5400000)
 Metaspace       used 9482K, capacity 9546K, committed 9728K, reserved 1058816K
  class space    used 972K, capacity 1009K, committed 1024K, reserved 1048576K
}
Event: 134.957 GC heap before
{Heap before GC invocations=5 (full 1):
 PSYoungGen      total 28672K, used 967K [0x00000000e0700000, 0x00000000e2700000, 0x0000000100000000)
  eden space 24576K, 3% used [0x00000000e0700000,0x00000000e07f1fd8,0x00000000e1f00000)
  from space 4096K, 0% used [0x00000000e1f00000,0x00000000e1f00000,0x00000000e2300000)
  to   space 4096K, 0% used [0x00000000e2300000,0x00000000e2300000,0x00000000e2700000)
 ParOldGen       total 65536K, used 2375K [0x00000000a1400000, 0x00000000a5400000, 0x00000000e0700000)
  object space 65536K, 3% used [0x00000000a1400000,0x00000000a1651cd8,0x00000000a5400000)
 Metaspace       used 9627K, capacity 9738K, committed 9984K, reserved 1058816K
  class space    used 982K, capacity 1009K, committed 1024K, reserved 1048576K
Event: 134.958 GC heap after
Heap after GC invocations=5 (full 1):
 PSYoungGen      total 28672K, used 246K [0x00000000e0700000, 0x00000000e2700000, 0x0000000100000000)
  eden space 24576K, 0% used [0x00000000e0700000,0x00000000e0700000,0x00000000e1f00000)
  from space 4096K, 6% used [0x00000000e2300000,0x00000000e233d810,0x00000000e2700000)
  to   space 4096K, 0% used [0x00000000e1f00000,0x00000000e1f00000,0x00000000e2300000)
 ParOldGen       total 65536K, used 2375K [0x00000000a1400000, 0x00000000a5400000, 0x00000000e0700000)
  object space 65536K, 3% used [0x00000000a1400000,0x00000000a1651cd8,0x00000000a5400000)
 Metaspace       used 9627K, capacity 9738K, committed 9984K, reserved 1058816K
  class space    used 982K, capacity 1009K, committed 1024K, reserved 1048576K
}
Event: 134.958 GC heap before
{Heap before GC invocations=6 (full 2):
 PSYoungGen      total 28672K, used 246K [0x00000000e0700000, 0x00000000e2700000, 0x0000000100000000)
  eden space 24576K, 0% used [0x00000000e0700000,0x00000000e0700000,0x00000000e1f00000)
  from space 4096K, 6% used [0x00000000e2300000,0x00000000e233d810,0x00000000e2700000)
  to   space 4096K, 0% used [0x00000000e1f00000,0x00000000e1f00000,0x00000000e2300000)
 ParOldGen       total 65536K, used 2375K [0x00000000a1400000, 0x00000000a5400000, 0x00000000e0700000)
  object space 65536K, 3% used [0x00000000a1400000,0x00000000a1651cd8,0x00000000a5400000)
 Metaspace       used 9627K, capacity 9738K, committed 9984K, reserved 1058816K
  class space    used 982K, capacity 1009K, committed 1024K, reserved 1048576K
Event: 135.005 GC heap after
Heap after GC invocations=6 (full 2):
 PSYoungGen      total 28672K, used 0K [0x00000000e0700000, 0x00000000e2700000, 0x0000000100000000)
  eden space 24576K, 0% used [0x00000000e0700000,0x00000000e0700000,0x00000000e1f00000)
  from space 4096K, 0% used [0x00000000e2300000,0x00000000e2300000,0x00000000e2700000)
  to   space 4096K, 0% used [0x00000000e1f00000,0x00000000e1f00000,0x00000000e2300000)
 ParOldGen       total 65536K, used 2396K [0x00000000a1400000, 0x00000000a5400000, 0x00000000e0700000)
  object space 65536K, 3% used [0x00000000a1400000,0x00000000a1657238,0x00000000a5400000)
 Metaspace       used 9627K, capacity 9738K, committed 9984K, reserved 1058816K
  class space    used 982K, capacity 1009K, committed 1024K, reserved 1048576K
}

