# JRE version: Java(TM) SE Runtime Environment (8.0_101-b13) (build 1.8.0_101-b13)
# Java VM: Java HotSpot(TM) 64-Bit Server VM (25.101-b13 mixed mode windows-amd64 compressed oops)
Heap:
 PSYoungGen      total 28672K, used 164K [0x00000000e0700000, 0x00000000e2700000, 0x0000000100000000)
  eden space 24576K, 0% used [0x00000000e0700000,0x00000000e07290f8,0x00000000e1f00000)
  from space 4096K, 0% used [0x00000000e2300000,0x00000000e2300000,0x00000000e2700000)
  to   space 4096K, 0% used [0x00000000e1f00000,0x00000000e1f00000,0x00000000e2300000)
 ParOldGen       total 65536K, used 1962K [0x00000000a1400000, 0x00000000a5400000, 0x00000000e0700000)
  object space 65536K, 2% used [0x00000000a1400000,0x00000000a15eaa80,0x00000000a5400000)
 Metaspace       used 9601K, capacity 9738K, committed 9984K, reserved 1058816K
  class space    used 980K, capacity 1009K, committed 1024K, reserved 1048576K
GC Heap History (10 events):
Event: 1.848 GC heap before
{Heap before GC invocations=1 (full 0):
 PSYoungGen      total 28672K, used 24576K [0x00000000e0700000, 0x00000000e2700000, 0x0000000100000000)
  eden space 24576K, 100% used [0x00000000e0700000,0x00000000e1f00000,0x00000000e1f00000)
  from space 4096K, 0% used [0x00000000e2300000,0x00000000e2300000,0x00000000e2700000)
  to   space 4096K, 0% used [0x00000000e1f00000,0x00000000e1f00000,0x00000000e2300000)
 ParOldGen       total 65536K, used 0K [0x00000000a1400000, 0x00000000a5400000, 0x00000000e0700000)
  object space 65536K, 0% used [0x00000000a1400000,0x00000000a1400000,0x00000000a5400000)
 Metaspace       used 9123K, capacity 9194K, committed 9472K, reserved 1058816K
  class space    used 945K, capacity 977K, committed 1024K, reserved 1048576K
Event: 1.852 GC heap after
Heap after GC invocations=1 (full 0):
 PSYoungGen      total 28672K, used 4079K [0x00000000e0700000, 0x00000000e2700000, 0x0000000100000000)
  eden space 24576K, 0% used [0x00000000e0700000,0x00000000e0700000,0x00000000e1f00000)
  from space 4096K, 99% used [0x00000000e1f00000,0x00000000e22fbe18,0x00000000e2300000)
  to   space 4096K, 0% used [0x00000000e2300000,0x00000000e2300000,0x00000000e2700000)
 ParOldGen       total 65536K, used 450K [0x00000000a1400000, 0x00000000a5400000, 0x00000000e0700000)
  object space 65536K, 0% used [0x00000000a1400000,0x00000000a1470838,0x00000000a5400000)
 Metaspace       used 9123K, capacity 9194K, committed 9472K, reserved 1058816K
  class space    used 945K, capacity 977K, committed 1024K, reserved 1048576K
}
Event: 80.624 GC heap before
{Heap before GC invocations=2 (full 0):
 PSYoungGen      total 28672K, used 24358K [0x00000000e0700000, 0x00000000e2700000, 0x0000000100000000)
  eden space 24576K, 82% used [0x00000000e0700000,0x00000000e1acdc50,0x00000000e1f00000)
  from space 4096K, 99% used [0x00000000e1f00000,0x00000000e22fbe18,0x00000000e2300000)
  to   space 4096K, 0% used [0x00000000e2300000,0x00000000e2300000,0x00000000e2700000)
 ParOldGen       total 65536K, used 450K [0x00000000a1400000, 0x00000000a5400000, 0x00000000e0700000)
  object space 65536K, 0% used [0x00000000a1400000,0x00000000a1470838,0x00000000a5400000)
 Metaspace       used 9452K, capacity 9546K, committed 9728K, reserved 1058816K
  class space    used 970K, capacity 1009K, committed 1024K, reserved 1048576K
Event: 80.627 GC heap after
Heap after GC invocations=2 (full 0):
 PSYoungGen      total 28672K, used 2189K [0x00000000e0700000, 0x00000000e2700000, 0x0000000100000000)
  eden space 24576K, 0% used [0x00000000e0700000,0x00000000e0700000,0x00000000e1f00000)
  from space 4096K, 53% used [0x00000000e2300000,0x00000000e2523788,0x00000000e2700000)
  to   space 4096K, 0% used [0x00000000e1f00000,0x00000000e1f00000,0x00000000e2300000)
 ParOldGen       total 65536K, used 458K [0x00000000a1400000, 0x00000000a5400000, 0x00000000e0700000)
  object space 65536K, 0% used [0x00000000a1400000,0x00000000a1472838,0x00000000a5400000)
 Metaspace       used 9452K, capacity 9546K, committed 9728K, reserved 1058816K
  class space    used 970K, capacity 1009K, committed 1024K, reserved 1048576K
}
Event: 80.627 GC heap before
{Heap before GC invocations=3 (full 1):
 PSYoungGen      total 28672K, used 2189K [0x00000000e0700000, 0x00000000e2700000, 0x0000000100000000)
  eden space 24576K, 0% used [0x00000000e0700000,0x00000000e0700000,0x00000000e1f00000)
  from space 4096K, 53% used [0x00000000e2300000,0x00000000e2523788,0x00000000e2700000)
  to   space 4096K, 0% used [0x00000000e1f00000,0x00000000e1f00000,0x00000000e2300000)
 ParOldGen       total 65536K, used 458K [0x00000000a1400000, 0x00000000a5400000, 0x00000000e0700000)
  object space 65536K, 0% used [0x00000000a1400000,0x00000000a1472838,0x00000000a5400000)
 Metaspace       used 9452K, capacity 9546K, committed 9728K, reserved 1058816K
  class space    used 970K, capacity 1009K, committed 1024K, reserved 1048576K
Event: 80.645 GC heap after
Heap after GC invocations=3 (full 1):
 PSYoungGen      total 28672K, used 0K [0x00000000e0700000, 0x00000000e2700000, 0x0000000100000000)
  eden space 24576K, 0% used [0x00000000e0700000,0x00000000e0700000,0x00000000e1f00000)
  from space 4096K, 0% used [0x00000000e2300000,0x00000000e2300000,0x00000000e2700000)
  to   space 4096K, 0% used [0x00000000e1f00000,0x00000000e1f00000,0x00000000e2300000)
 ParOldGen       total 65536K, used 2132K [0x00000000a1400000, 0x00000000a5400000, 0x00000000e0700000)
  object space 65536K, 3% used [0x00000000a1400000,0x00000000a16150d0,0x00000000a5400000)
 Metaspace       used 9452K, capacity 9546K, committed 9728K, reserved 1058816K
  class space    used 970K, capacity 1009K, committed 1024K, reserved 1048576K
}
Event: 80.663 GC heap before
{Heap before GC invocations=4 (full 1):
 PSYoungGen      total 28672K, used 816K [0x00000000e0700000, 0x00000000e2700000, 0x0000000100000000)
  eden space 24576K, 3% used [0x00000000e0700000,0x00000000e07cc018,0x00000000e1f00000)
  from space 4096K, 0% used [0x00000000e2300000,0x00000000e2300000,0x00000000e2700000)
  to   space 4096K, 0% used [0x00000000e1f00000,0x00000000e1f00000,0x00000000e2300000)
 ParOldGen       total 65536K, used 2132K [0x00000000a1400000, 0x00000000a5400000, 0x00000000e0700000)
  object space 65536K, 3% used [0x00000000a1400000,0x00000000a16150d0,0x00000000a5400000)
 Metaspace       used 9600K, capacity 9738K, committed 9984K, reserved 1058816K
  class space    used 980K, capacity 1009K, committed 1024K, reserved 1048576K
Event: 80.664 GC heap after
Heap after GC invocations=4 (full 1):
 PSYoungGen      total 28672K, used 288K [0x00000000e0700000, 0x00000000e2700000, 0x0000000100000000)
  eden space 24576K, 0% used [0x00000000e0700000,0x00000000e0700000,0x00000000e1f00000)
  from space 4096K, 7% used [0x00000000e1f00000,0x00000000e1f48000,0x00000000e2300000)
  to   space 4096K, 0% used [0x00000000e2300000,0x00000000e2300000,0x00000000e2700000)
 ParOldGen       total 65536K, used 2132K [0x00000000a1400000, 0x00000000a5400000, 0x00000000e0700000)
  object space 65536K, 3% used [0x00000000a1400000,0x00000000a16150d0,0x00000000a5400000)
 Metaspace       used 9600K, capacity 9738K, committed 9984K, reserved 1058816K
  class space    used 980K, capacity 1009K, committed 1024K, reserved 1048576K
}
Event: 80.664 GC heap before
{Heap before GC invocations=5 (full 2):
 PSYoungGen      total 28672K, used 288K [0x00000000e0700000, 0x00000000e2700000, 0x0000000100000000)
  eden space 24576K, 0% used [0x00000000e0700000,0x00000000e0700000,0x00000000e1f00000)
  from space 4096K, 7% used [0x00000000e1f00000,0x00000000e1f48000,0x00000000e2300000)
  to   space 4096K, 0% used [0x00000000e2300000,0x00000000e2300000,0x00000000e2700000)
 ParOldGen       total 65536K, used 2132K [0x00000000a1400000, 0x00000000a5400000, 0x00000000e0700000)
  object space 65536K, 3% used [0x00000000a1400000,0x00000000a16150d0,0x00000000a5400000)
 Metaspace       used 9600K, capacity 9738K, committed 9984K, reserved 1058816K
  class space    used 980K, capacity 1009K, committed 1024K, reserved 1048576K
Event: 80.700 GC heap after
Heap after GC invocations=5 (full 2):
 PSYoungGen      total 28672K, used 0K [0x00000000e0700000, 0x00000000e2700000, 0x0000000100000000)
  eden space 24576K, 0% used [0x00000000e0700000,0x00000000e0700000,0x00000000e1f00000)
  from space 4096K, 0% used [0x00000000e1f00000,0x00000000e1f00000,0x00000000e2300000)
  to   space 4096K, 0% used [0x00000000e2300000,0x00000000e2300000,0x00000000e2700000)
 ParOldGen       total 65536K, used 2032K [0x00000000a1400000, 0x00000000a5400000, 0x00000000e0700000)
  object space 65536K, 3% used [0x00000000a1400000,0x00000000a15fc3f8,0x00000000a5400000)
 Metaspace       used 9600K, capacity 9738K, committed 9984K, reserved 1058816K
  class space    used 980K, capacity 1009K, committed 1024K, reserved 1048576K
}

