# JRE version: Java(TM) SE Runtime Environment (8.0_101-b13) (build 1.8.0_101-b13)
# Java VM: Java HotSpot(TM) 64-Bit Server VM (25.101-b13 mixed mode windows-amd64 compressed oops)
Heap:
 PSYoungGen      total 28672K, used 164K [0x00000000e0700000, 0x00000000e2700000, 0x0000000100000000)
  eden space 24576K, 0% used [0x00000000e0700000,0x00000000e07290f8,0x00000000e1f00000)
  from space 4096K, 0% used [0x00000000e2300000,0x00000000e2300000,0x00000000e2700000)
  to   space 4096K, 0% used [0x00000000e1f00000,0x00000000e1f00000,0x00000000e2300000)
 ParOldGen       total 65536K, used 1767K [0x00000000a1400000, 0x00000000a5400000, 0x00000000e0700000)
  object space 65536K, 2% used [0x00000000a1400000,0x00000000a15b9e10,0x00000000a5400000)
 Metaspace       used 9030K, capacity 9130K, committed 9216K, reserved 1056768K
  class space    used 951K, capacity 977K, committed 1024K, reserved 1048576K
GC Heap History (10 events):
Event: 20.972 GC heap before
{Heap before GC invocations=1 (full 0):
 PSYoungGen      total 28672K, used 24576K [0x00000000e0700000, 0x00000000e2700000, 0x0000000100000000)
  eden space 24576K, 100% used [0x00000000e0700000,0x00000000e1f00000,0x00000000e1f00000)
  from space 4096K, 0% used [0x00000000e2300000,0x00000000e2300000,0x00000000e2700000)
  to   space 4096K, 0% used [0x00000000e1f00000,0x00000000e1f00000,0x00000000e2300000)
 ParOldGen       total 65536K, used 0K [0x00000000a1400000, 0x00000000a5400000, 0x00000000e0700000)
  object space 65536K, 0% used [0x00000000a1400000,0x00000000a1400000,0x00000000a5400000)
 Metaspace       used 8696K, capacity 8810K, committed 8960K, reserved 1056768K
  class space    used 928K, capacity 977K, committed 1024K, reserved 1048576K
Event: 20.976 GC heap after
Heap after GC invocations=1 (full 0):
 PSYoungGen      total 28672K, used 4092K [0x00000000e0700000, 0x00000000e2700000, 0x0000000100000000)
  eden space 24576K, 0% used [0x00000000e0700000,0x00000000e0700000,0x00000000e1f00000)
  from space 4096K, 99% used [0x00000000e1f00000,0x00000000e22ff038,0x00000000e2300000)
  to   space 4096K, 0% used [0x00000000e2300000,0x00000000e2300000,0x00000000e2700000)
 ParOldGen       total 65536K, used 110K [0x00000000a1400000, 0x00000000a5400000, 0x00000000e0700000)
  object space 65536K, 0% used [0x00000000a1400000,0x00000000a141ba98,0x00000000a5400000)
 Metaspace       used 8696K, capacity 8810K, committed 8960K, reserved 1056768K
  class space    used 928K, capacity 977K, committed 1024K, reserved 1048576K
}
Event: 41.358 GC heap before
{Heap before GC invocations=2 (full 0):
 PSYoungGen      total 28672K, used 13881K [0x00000000e0700000, 0x00000000e2700000, 0x0000000100000000)
  eden space 24576K, 39% used [0x00000000e0700000,0x00000000e108f4f0,0x00000000e1f00000)
  from space 4096K, 99% used [0x00000000e1f00000,0x00000000e22ff038,0x00000000e2300000)
  to   space 4096K, 0% used [0x00000000e2300000,0x00000000e2300000,0x00000000e2700000)
 ParOldGen       total 65536K, used 110K [0x00000000a1400000, 0x00000000a5400000, 0x00000000e0700000)
  object space 65536K, 0% used [0x00000000a1400000,0x00000000a141ba98,0x00000000a5400000)
 Metaspace       used 8889K, capacity 9002K, committed 9216K, reserved 1056768K
  class space    used 941K, capacity 977K, committed 1024K, reserved 1048576K
Event: 41.361 GC heap after
Heap after GC invocations=2 (full 0):
 PSYoungGen      total 28672K, used 1941K [0x00000000e0700000, 0x00000000e2700000, 0x0000000100000000)
  eden space 24576K, 0% used [0x00000000e0700000,0x00000000e0700000,0x00000000e1f00000)
  from space 4096K, 47% used [0x00000000e2300000,0x00000000e24e56e0,0x00000000e2700000)
  to   space 4096K, 0% used [0x00000000e1f00000,0x00000000e1f00000,0x00000000e2300000)
 ParOldGen       total 65536K, used 118K [0x00000000a1400000, 0x00000000a5400000, 0x00000000e0700000)
  object space 65536K, 0% used [0x00000000a1400000,0x00000000a141da98,0x00000000a5400000)
 Metaspace       used 8889K, capacity 9002K, committed 9216K, reserved 1056768K
  class space    used 941K, capacity 977K, committed 1024K, reserved 1048576K
}
Event: 41.361 GC heap before
{Heap before GC invocations=3 (full 1):
 PSYoungGen      total 28672K, used 1941K [0x00000000e0700000, 0x00000000e2700000, 0x0000000100000000)
  eden space 24576K, 0% used [0x00000000e0700000,0x00000000e0700000,0x00000000e1f00000)
  from space 4096K, 47% used [0x00000000e2300000,0x00000000e24e56e0,0x00000000e2700000)
  to   space 4096K, 0% used [0x00000000e1f00000,0x00000000e1f00000,0x00000000e2300000)
 ParOldGen       total 65536K, used 118K [0x00000000a1400000, 0x00000000a5400000, 0x00000000e0700000)
  object space 65536K, 0% used [0x00000000a1400000,0x00000000a141da98,0x00000000a5400000)
 Metaspace       used 8889K, capacity 9002K, committed 9216K, reserved 1056768K
  class space    used 941K, capacity 977K, committed 1024K, reserved 1048576K
Event: 41.378 GC heap after
Heap after GC invocations=3 (full 1):
 PSYoungGen      total 28672K, used 0K [0x00000000e0700000, 0x00000000e2700000, 0x0000000100000000)
  eden space 24576K, 0% used [0x00000000e0700000,0x00000000e0700000,0x00000000e1f00000)
  from space 4096K, 0% used [0x00000000e2300000,0x00000000e2300000,0x00000000e2700000)
  to   space 4096K, 0% used [0x00000000e1f00000,0x00000000e1f00000,0x00000000e2300000)
 ParOldGen       total 65536K, used 1885K [0x00000000a1400000, 0x00000000a5400000, 0x00000000e0700000)
  object space 65536K, 2% used [0x00000000a1400000,0x00000000a15d74b0,0x00000000a5400000)
 Metaspace       used 8889K, capacity 9002K, committed 9216K, reserved 1056768K
  class space    used 941K, capacity 977K, committed 1024K, reserved 1048576K
}
Event: 41.398 GC heap before
{Heap before GC invocations=4 (full 1):
 PSYoungGen      total 28672K, used 1312K [0x00000000e0700000, 0x00000000e2700000, 0x0000000100000000)
  eden space 24576K, 5% used [0x00000000e0700000,0x00000000e0848260,0x00000000e1f00000)
  from space 4096K, 0% used [0x00000000e2300000,0x00000000e2300000,0x00000000e2700000)
  to   space 4096K, 0% used [0x00000000e1f00000,0x00000000e1f00000,0x00000000e2300000)
 ParOldGen       total 65536K, used 1885K [0x00000000a1400000, 0x00000000a5400000, 0x00000000e0700000)
  object space 65536K, 2% used [0x00000000a1400000,0x00000000a15d74b0,0x00000000a5400000)
 Metaspace       used 9029K, capacity 9130K, committed 9216K, reserved 1056768K
  class space    used 951K, capacity 977K, committed 1024K, reserved 1048576K
Event: 41.399 GC heap after
Heap after GC invocations=4 (full 1):
 PSYoungGen      total 28672K, used 278K [0x00000000e0700000, 0x00000000e2700000, 0x0000000100000000)
  eden space 24576K, 0% used [0x00000000e0700000,0x00000000e0700000,0x00000000e1f00000)
  from space 4096K, 6% used [0x00000000e1f00000,0x00000000e1f45810,0x00000000e2300000)
  to   space 4096K, 0% used [0x00000000e2300000,0x00000000e2300000,0x00000000e2700000)
 ParOldGen       total 65536K, used 1885K [0x00000000a1400000, 0x00000000a5400000, 0x00000000e0700000)
  object space 65536K, 2% used [0x00000000a1400000,0x00000000a15d74b0,0x00000000a5400000)
 Metaspace       used 9029K, capacity 9130K, committed 9216K, reserved 1056768K
  class space    used 951K, capacity 977K, committed 1024K, reserved 1048576K
}
Event: 41.399 GC heap before
{Heap before GC invocations=5 (full 2):
 PSYoungGen      total 28672K, used 278K [0x00000000e0700000, 0x00000000e2700000, 0x0000000100000000)
  eden space 24576K, 0% used [0x00000000e0700000,0x00000000e0700000,0x00000000e1f00000)
  from space 4096K, 6% used [0x00000000e1f00000,0x00000000e1f45810,0x00000000e2300000)
  to   space 4096K, 0% used [0x00000000e2300000,0x00000000e2300000,0x00000000e2700000)
 ParOldGen       total 65536K, used 1885K [0x00000000a1400000, 0x00000000a5400000, 0x00000000e0700000)
  object space 65536K, 2% used [0x00000000a1400000,0x00000000a15d74b0,0x00000000a5400000)
 Metaspace       used 9029K, capacity 9130K, committed 9216K, reserved 1056768K
  class space    used 951K, capacity 977K, committed 1024K, reserved 1048576K
Event: 41.425 GC heap after
Heap after GC invocations=5 (full 2):
 PSYoungGen      total 28672K, used 0K [0x00000000e0700000, 0x00000000e2700000, 0x0000000100000000)
  eden space 24576K, 0% used [0x00000000e0700000,0x00000000e0700000,0x00000000e1f00000)
  from space 4096K, 0% used [0x00000000e1f00000,0x00000000e1f00000,0x00000000e2300000)
  to   space 4096K, 0% used [0x00000000e2300000,0x00000000e2300000,0x00000000e2700000)
 ParOldGen       total 65536K, used 1837K [0x00000000a1400000, 0x00000000a5400000, 0x00000000e0700000)
  object space 65536K, 2% used [0x00000000a1400000,0x00000000a15cb618,0x00000000a5400000)
 Metaspace       used 9029K, capacity 9130K, committed 9216K, reserved 1056768K
  class space    used 951K, capacity 977K, committed 1024K, reserved 1048576K
}

