# JRE version: Java(TM) SE Runtime Environment (8.0_101-b13) (build 1.8.0_101-b13)
# Java VM: Java HotSpot(TM) 64-Bit Server VM (25.101-b13 mixed mode windows-amd64 compressed oops)
Heap:
 PSYoungGen      total 28672K, used 164K [0x00000000e0700000, 0x00000000e2700000, 0x0000000100000000)
  eden space 24576K, 0% used [0x00000000e0700000,0x00000000e07290f8,0x00000000e1f00000)
  from space 4096K, 0% used [0x00000000e2300000,0x00000000e2300000,0x00000000e2700000)
  to   space 4096K, 0% used [0x00000000e1f00000,0x00000000e1f00000,0x00000000e2300000)
 ParOldGen       total 65536K, used 1737K [0x00000000a1400000, 0x00000000a5400000, 0x00000000e0700000)
  object space 65536K, 2% used [0x00000000a1400000,0x00000000a15b2460,0x00000000a5400000)
 Metaspace       used 8964K, capacity 9066K, committed 9216K, reserved 1056768K
  class space    used 944K, capacity 977K, committed 1024K, reserved 1048576K
GC Heap History (10 events):
Event: 24.773 GC heap after
Heap after GC invocations=2 (full 0):
 PSYoungGen      total 28672K, used 1848K [0x00000000e0700000, 0x00000000e2700000, 0x0000000100000000)
  eden space 24576K, 0% used [0x00000000e0700000,0x00000000e0700000,0x00000000e1f00000)
  from space 4096K, 45% used [0x00000000e2300000,0x00000000e24ce010,0x00000000e2700000)
  to   space 4096K, 0% used [0x00000000e1f00000,0x00000000e1f00000,0x00000000e2300000)
 ParOldGen       total 65536K, used 209K [0x00000000a1400000, 0x00000000a5400000, 0x00000000e0700000)
  object space 65536K, 0% used [0x00000000a1400000,0x00000000a1434578,0x00000000a5400000)
 Metaspace       used 8823K, capacity 8938K, committed 9216K, reserved 1056768K
  class space    used 933K, capacity 977K, committed 1024K, reserved 1048576K
}
Event: 24.773 GC heap before
{Heap before GC invocations=3 (full 1):
 PSYoungGen      total 28672K, used 1848K [0x00000000e0700000, 0x00000000e2700000, 0x0000000100000000)
  eden space 24576K, 0% used [0x00000000e0700000,0x00000000e0700000,0x00000000e1f00000)
  from space 4096K, 45% used [0x00000000e2300000,0x00000000e24ce010,0x00000000e2700000)
  to   space 4096K, 0% used [0x00000000e1f00000,0x00000000e1f00000,0x00000000e2300000)
 ParOldGen       total 65536K, used 209K [0x00000000a1400000, 0x00000000a5400000, 0x00000000e0700000)
  object space 65536K, 0% used [0x00000000a1400000,0x00000000a1434578,0x00000000a5400000)
 Metaspace       used 8823K, capacity 8938K, committed 9216K, reserved 1056768K
  class space    used 933K, capacity 977K, committed 1024K, reserved 1048576K
Event: 24.791 GC heap after
Heap after GC invocations=3 (full 1):
 PSYoungGen      total 28672K, used 0K [0x00000000e0700000, 0x00000000e2700000, 0x0000000100000000)
  eden space 24576K, 0% used [0x00000000e0700000,0x00000000e0700000,0x00000000e1f00000)
  from space 4096K, 0% used [0x00000000e2300000,0x00000000e2300000,0x00000000e2700000)
  to   space 4096K, 0% used [0x00000000e1f00000,0x00000000e1f00000,0x00000000e2300000)
 ParOldGen       total 65536K, used 1818K [0x00000000a1400000, 0x00000000a5400000, 0x00000000e0700000)
  object space 65536K, 2% used [0x00000000a1400000,0x00000000a15c6968,0x00000000a5400000)
 Metaspace       used 8823K, capacity 8938K, committed 9216K, reserved 1056768K
  class space    used 933K, capacity 977K, committed 1024K, reserved 1048576K
}
Event: 24.825 GC heap before
{Heap before GC invocations=4 (full 1):
 PSYoungGen      total 28672K, used 1312K [0x00000000e0700000, 0x00000000e2700000, 0x0000000100000000)
  eden space 24576K, 5% used [0x00000000e0700000,0x00000000e0848320,0x00000000e1f00000)
  from space 4096K, 0% used [0x00000000e2300000,0x00000000e2300000,0x00000000e2700000)
  to   space 4096K, 0% used [0x00000000e1f00000,0x00000000e1f00000,0x00000000e2300000)
 ParOldGen       total 65536K, used 1818K [0x00000000a1400000, 0x00000000a5400000, 0x00000000e0700000)
  object space 65536K, 2% used [0x00000000a1400000,0x00000000a15c6968,0x00000000a5400000)
 Metaspace       used 8962K, capacity 9066K, committed 9216K, reserved 1056768K
  class space    used 944K, capacity 977K, committed 1024K, reserved 1048576K
Event: 24.826 GC heap after
Heap after GC invocations=4 (full 1):
 PSYoungGen      total 28672K, used 310K [0x00000000e0700000, 0x00000000e2700000, 0x0000000100000000)
  eden space 24576K, 0% used [0x00000000e0700000,0x00000000e0700000,0x00000000e1f00000)
  from space 4096K, 7% used [0x00000000e1f00000,0x00000000e1f4d810,0x00000000e2300000)
  to   space 4096K, 0% used [0x00000000e2300000,0x00000000e2300000,0x00000000e2700000)
 ParOldGen       total 65536K, used 1818K [0x00000000a1400000, 0x00000000a5400000, 0x00000000e0700000)
  object space 65536K, 2% used [0x00000000a1400000,0x00000000a15c6968,0x00000000a5400000)
 Metaspace       used 8962K, capacity 9066K, committed 9216K, reserved 1056768K
  class space    used 944K, capacity 977K, committed 1024K, reserved 1048576K
}
Event: 24.826 GC heap before
{Heap before GC invocations=5 (full 2):
 PSYoungGen      total 28672K, used 310K [0x00000000e0700000, 0x00000000e2700000, 0x0000000100000000)
  eden space 24576K, 0% used [0x00000000e0700000,0x00000000e0700000,0x00000000e1f00000)
  from space 4096K, 7% used [0x00000000e1f00000,0x00000000e1f4d810,0x00000000e2300000)
  to   space 4096K, 0% used [0x00000000e2300000,0x00000000e2300000,0x00000000e2700000)
 ParOldGen       total 65536K, used 1818K [0x00000000a1400000, 0x00000000a5400000, 0x00000000e0700000)
  object space 65536K, 2% used [0x00000000a1400000,0x00000000a15c6968,0x00000000a5400000)
 Metaspace       used 8962K, capacity 9066K, committed 9216K, reserved 1056768K
  class space    used 944K, capacity 977K, committed 1024K, reserved 1048576K
Event: 24.860 GC heap after
Heap after GC invocations=5 (full 2):
 PSYoungGen      total 28672K, used 0K [0x00000000e0700000, 0x00000000e2700000, 0x0000000100000000)
  eden space 24576K, 0% used [0x00000000e0700000,0x00000000e0700000,0x00000000e1f00000)
  from space 4096K, 0% used [0x00000000e1f00000,0x00000000e1f00000,0x00000000e2300000)
  to   space 4096K, 0% used [0x00000000e2300000,0x00000000e2300000,0x00000000e2700000)
 ParOldGen       total 65536K, used 1807K [0x00000000a1400000, 0x00000000a5400000, 0x00000000e0700000)
  object space 65536K, 2% used [0x00000000a1400000,0x00000000a15c3c68,0x00000000a5400000)
 Metaspace       used 8962K, capacity 9066K, committed 9216K, reserved 1056768K
  class space    used 944K, capacity 977K, committed 1024K, reserved 1048576K
}
Event: 24.865 GC heap before
{Heap before GC invocations=6 (full 2):
 PSYoungGen      total 28672K, used 574K [0x00000000e0700000, 0x00000000e2700000, 0x0000000100000000)
  eden space 24576K, 2% used [0x00000000e0700000,0x00000000e078f8e8,0x00000000e1f00000)
  from space 4096K, 0% used [0x00000000e1f00000,0x00000000e1f00000,0x00000000e2300000)
  to   space 4096K, 0% used [0x00000000e2300000,0x00000000e2300000,0x00000000e2700000)
 ParOldGen       total 65536K, used 1807K [0x00000000a1400000, 0x00000000a5400000, 0x00000000e0700000)
  object space 65536K, 2% used [0x00000000a1400000,0x00000000a15c3c68,0x00000000a5400000)
 Metaspace       used 8964K, capacity 9066K, committed 9216K, reserved 1056768K
  class space    used 944K, capacity 977K, committed 1024K, reserved 1048576K
Event: 24.865 GC heap after
Heap after GC invocations=6 (full 2):
 PSYoungGen      total 28672K, used 160K [0x00000000e0700000, 0x00000000e2700000, 0x0000000100000000)
  eden space 24576K, 0% used [0x00000000e0700000,0x00000000e0700000,0x00000000e1f00000)
  from space 4096K, 3% used [0x00000000e2300000,0x00000000e2328000,0x00000000e2700000)
  to   space 4096K, 0% used [0x00000000e1f00000,0x00000000e1f00000,0x00000000e2300000)
 ParOldGen       total 65536K, used 1807K [0x00000000a1400000, 0x00000000a5400000, 0x00000000e0700000)
  object space 65536K, 2% used [0x00000000a1400000,0x00000000a15c3c68,0x00000000a5400000)
 Metaspace       used 8964K, capacity 9066K, committed 9216K, reserved 1056768K
  class space    used 944K, capacity 977K, committed 1024K, reserved 1048576K
}
Event: 24.865 GC heap before
{Heap before GC invocations=7 (full 3):
 PSYoungGen      total 28672K, used 160K [0x00000000e0700000, 0x00000000e2700000, 0x0000000100000000)
  eden space 24576K, 0% used [0x00000000e0700000,0x00000000e0700000,0x00000000e1f00000)
  from space 4096K, 3% used [0x00000000e2300000,0x00000000e2328000,0x00000000e2700000)
  to   space 4096K, 0% used [0x00000000e1f00000,0x00000000e1f00000,0x00000000e2300000)
 ParOldGen       total 65536K, used 1807K [0x00000000a1400000, 0x00000000a5400000, 0x00000000e0700000)
  object space 65536K, 2% used [0x00000000a1400000,0x00000000a15c3c68,0x00000000a5400000)
 Metaspace       used 8964K, capacity 9066K, committed 9216K, reserved 1056768K
  class space    used 944K, capacity 977K, committed 1024K, reserved 1048576K

